[debug] [2026-04-12T07:34:21.271Z] ----------------------------------------------------------------------
[debug] [2026-04-12T07:34:21.279Z] Command:       /usr/bin/node-22 /home/ocean/.npm-global/bin/firebase init
[debug] [2026-04-12T07:34:21.280Z] CLI Version:   15.14.0
[debug] [2026-04-12T07:34:21.280Z] Platform:      linux
[debug] [2026-04-12T07:34:21.281Z] Node Version:  v22.22.0
[debug] [2026-04-12T07:34:21.282Z] Time:          Sun Apr 12 2026 13:04:21 GMT+0530 (India Standard Time)
[debug] [2026-04-12T07:34:21.282Z] ----------------------------------------------------------------------
[debug] 
[info] 
     ######## #### ########  ######## ########     ###     ######  ########
     ##        ##  ##     ## ##       ##     ##  ##   ##  ##       ##
     ######    ##  ########  ######   ########  #########  ######  ######
     ##        ##  ##    ##  ##       ##     ## ##     ##       ## ##
     ##       #### ##     ## ######## ########  ##     ##  ######  ########

You're about to initialize a Firebase project in this directory:

  /home/ocean/vscode/job-apply

[info] 
=== Project Setup
[info] 
[info] First, let's associate this project directory with a Firebase project.
[info] You can create multiple project aliases by running firebase use --add, 
[info] 
[debug] [2026-04-12T07:36:36.898Z] > command requires scopes: ["email","openid","https://www.googleapis.com/auth/cloudplatformprojects.readonly","https://www.googleapis.com/auth/firebase","https://www.googleapis.com/auth/cloud-platform"]
[debug] [2026-04-12T07:36:36.901Z] > authorizing via signed-in user (roshanadhikariyt@gmail.com)
[debug] [2026-04-12T07:36:36.910Z] Checked if tokens are valid: true, expires at: 1775982825477
[debug] [2026-04-12T07:36:36.911Z] Checked if tokens are valid: true, expires at: 1775982825477
[debug] [2026-04-12T07:36:36.924Z] >>> [apiv2][query] GET https://firebase.googleapis.com/v1beta1/projects pageSize=100
[debug] [2026-04-12T07:36:38.062Z] <<< [apiv2][status] GET https://firebase.googleapis.com/v1beta1/projects 200
[debug] [2026-04-12T07:36:38.063Z] <<< [apiv2][body] GET https://firebase.googleapis.com/v1beta1/projects [omitted]
[info] 
=== Functions Setup
[debug] [2026-04-12T07:36:41.378Z] > command requires scopes: ["email","openid","https://www.googleapis.com/auth/cloudplatformprojects.readonly","https://www.googleapis.com/auth/firebase","https://www.googleapis.com/auth/cloud-platform"]
[debug] [2026-04-12T07:36:41.379Z] > authorizing via signed-in user (roshanadhikariyt@gmail.com)
[debug] [2026-04-12T07:36:41.380Z] [iam] checking project ocean-tarkari for permissions ["firebase.projects.get"]
[debug] [2026-04-12T07:36:41.382Z] Checked if tokens are valid: true, expires at: 1775982825477
[debug] [2026-04-12T07:36:41.382Z] Checked if tokens are valid: true, expires at: 1775982825477
[debug] [2026-04-12T07:36:41.383Z] >>> [apiv2][query] POST https://cloudresourcemanager.googleapis.com/v1/projects/ocean-tarkari:testIamPermissions [none]
[debug] [2026-04-12T07:36:41.383Z] >>> [apiv2][(partial)header] POST https://cloudresourcemanager.googleapis.com/v1/projects/ocean-tarkari:testIamPermissions  x-goog-user-project=ocean-tarkari
[debug] [2026-04-12T07:36:41.384Z] >>> [apiv2][body] POST https://cloudresourcemanager.googleapis.com/v1/projects/ocean-tarkari:testIamPermissions {"permissions":["firebase.projects.get"]}
[debug] [2026-04-12T07:36:43.126Z] <<< [apiv2][status] POST https://cloudresourcemanager.googleapis.com/v1/projects/ocean-tarkari:testIamPermissions 200
[debug] [2026-04-12T07:36:43.127Z] <<< [apiv2][body] POST https://cloudresourcemanager.googleapis.com/v1/projects/ocean-tarkari:testIamPermissions {"permissions":["firebase.projects.get"]}
[debug] [2026-04-12T07:36:43.130Z] Checked if tokens are valid: true, expires at: 1775982825477
[debug] [2026-04-12T07:36:43.131Z] Checked if tokens are valid: true, expires at: 1775982825477
[debug] [2026-04-12T07:36:43.132Z] Checked if tokens are valid: true, expires at: 1775982825477
[debug] [2026-04-12T07:36:43.133Z] Checked if tokens are valid: true, expires at: 1775982825477
[debug] [2026-04-12T07:36:43.133Z] >>> [apiv2][query] GET https://serviceusage.googleapis.com/v1/projects/ocean-tarkari/services/cloudfunctions.googleapis.com [none]
[debug] [2026-04-12T07:36:43.134Z] >>> [apiv2][(partial)header] GET https://serviceusage.googleapis.com/v1/projects/ocean-tarkari/services/cloudfunctions.googleapis.com  x-goog-user-project=ocean-tarkari
[debug] [2026-04-12T07:36:43.140Z] >>> [apiv2][query] GET https://serviceusage.googleapis.com/v1/projects/ocean-tarkari/services/runtimeconfig.googleapis.com [none]
[debug] [2026-04-12T07:36:43.141Z] >>> [apiv2][(partial)header] GET https://serviceusage.googleapis.com/v1/projects/ocean-tarkari/services/runtimeconfig.googleapis.com  x-goog-user-project=ocean-tarkari
[debug] [2026-04-12T07:36:45.241Z] <<< [apiv2][status] GET https://serviceusage.googleapis.com/v1/projects/ocean-tarkari/services/cloudfunctions.googleapis.com 200
[debug] [2026-04-12T07:36:45.241Z] <<< [apiv2][body] GET https://serviceusage.googleapis.com/v1/projects/ocean-tarkari/services/cloudfunctions.googleapis.com [omitted]
[debug] [2026-04-12T07:36:45.242Z] Checked if tokens are valid: true, expires at: 1775982825477
[debug] [2026-04-12T07:36:45.243Z] Checked if tokens are valid: true, expires at: 1775982825477
[debug] [2026-04-12T07:36:45.243Z] >>> [apiv2][query] POST https://serviceusage.googleapis.com/v1/projects/ocean-tarkari/services/cloudfunctions.googleapis.com:enable [none]
[debug] [2026-04-12T07:36:45.243Z] >>> [apiv2][(partial)header] POST https://serviceusage.googleapis.com/v1/projects/ocean-tarkari/services/cloudfunctions.googleapis.com:enable  x-goog-user-project=ocean-tarkari
[debug] [2026-04-12T07:36:45.247Z] <<< [apiv2][status] GET https://serviceusage.googleapis.com/v1/projects/ocean-tarkari/services/runtimeconfig.googleapis.com 200
[debug] [2026-04-12T07:36:45.247Z] <<< [apiv2][body] GET https://serviceusage.googleapis.com/v1/projects/ocean-tarkari/services/runtimeconfig.googleapis.com [omitted]
[debug] [2026-04-12T07:36:47.340Z] <<< [apiv2][status] POST https://serviceusage.googleapis.com/v1/projects/ocean-tarkari/services/cloudfunctions.googleapis.com:enable 200
[debug] [2026-04-12T07:36:47.341Z] <<< [apiv2][body] POST https://serviceusage.googleapis.com/v1/projects/ocean-tarkari/services/cloudfunctions.googleapis.com:enable [omitted]
[info] Let's create a new codebase for your functions.
[info] A directory corresponding to the codebase will be created in your project
[info] with sample code pre-configured.

[info] See https://firebase.google.com/docs/functions/organize-functions for
[info] more information on organizing your functions using codebases.

[info] Functions can be deployed with firebase deploy.

[info] ✔  Wrote functions/.eslintrc.js 
[info] ✔  Wrote functions/tsconfig.dev.json 
[info] ✔  Wrote functions/package.json 
[info] ✔  Wrote functions/tsconfig.json 
[info] ✔  Wrote functions/src/index.ts 
[info] ✔  Wrote functions/.gitignore 
